0 info it worked if it ends with ok
1 verbose cli [ 'C:\\Program Files\\nodejs\\node.exe',
1 verbose cli   'C:\\Program Files\\nodejs\\node_modules\\npm\\bin\\npm-cli.js',
1 verbose cli   'install',
1 verbose cli   '@types/aurelia-http-client' ]
2 info using npm@2.15.9
3 info using node@v4.6.0
4 verbose install initial load of D:\TaskBo-rd\TaskBo-rdWeb\skeleton-typescript\package.json
5 verbose installManyTop reading scoped package data from D:\TaskBo-rd\TaskBo-rdWeb\skeleton-typescript\node_modules\aurelia-bundler\package.json
6 verbose installManyTop reading scoped package data from D:\TaskBo-rd\TaskBo-rdWeb\skeleton-typescript\node_modules\aurelia-tools\package.json
7 verbose installManyTop reading scoped package data from D:\TaskBo-rd\TaskBo-rdWeb\skeleton-typescript\node_modules\browser-sync\package.json
8 verbose installManyTop reading scoped package data from D:\TaskBo-rd\TaskBo-rdWeb\skeleton-typescript\node_modules\conventional-changelog\package.json
9 verbose installManyTop reading scoped package data from D:\TaskBo-rd\TaskBo-rdWeb\skeleton-typescript\node_modules\del\package.json
10 verbose installManyTop reading scoped package data from D:\TaskBo-rd\TaskBo-rdWeb\skeleton-typescript\node_modules\es6-module-loader\package.json
11 verbose installManyTop reading scoped package data from D:\TaskBo-rd\TaskBo-rdWeb\skeleton-typescript\node_modules\gulp\package.json
12 verbose installManyTop reading scoped package data from D:\TaskBo-rd\TaskBo-rdWeb\skeleton-typescript\node_modules\gulp-bump\package.json
13 verbose installManyTop reading scoped package data from D:\TaskBo-rd\TaskBo-rdWeb\skeleton-typescript\node_modules\gulp-changed\package.json
14 verbose installManyTop reading scoped package data from D:\TaskBo-rd\TaskBo-rdWeb\skeleton-typescript\node_modules\gulp-htmlmin\package.json
15 verbose installManyTop reading scoped package data from D:\TaskBo-rd\TaskBo-rdWeb\skeleton-typescript\node_modules\gulp-notify\package.json
16 verbose installManyTop reading scoped package data from D:\TaskBo-rd\TaskBo-rdWeb\skeleton-typescript\node_modules\gulp-plumber\package.json
17 verbose installManyTop reading scoped package data from D:\TaskBo-rd\TaskBo-rdWeb\skeleton-typescript\node_modules\gulp-protractor\package.json
18 verbose installManyTop reading scoped package data from D:\TaskBo-rd\TaskBo-rdWeb\skeleton-typescript\node_modules\gulp-rename\package.json
19 verbose installManyTop reading scoped package data from D:\TaskBo-rd\TaskBo-rdWeb\skeleton-typescript\node_modules\gulp-sourcemaps\package.json
20 verbose installManyTop reading scoped package data from D:\TaskBo-rd\TaskBo-rdWeb\skeleton-typescript\node_modules\gulp-tslint\package.json
21 verbose installManyTop reading scoped package data from D:\TaskBo-rd\TaskBo-rdWeb\skeleton-typescript\node_modules\gulp-typescript\package.json
22 verbose installManyTop reading scoped package data from D:\TaskBo-rd\TaskBo-rdWeb\skeleton-typescript\node_modules\isparta\package.json
23 verbose installManyTop reading scoped package data from D:\TaskBo-rd\TaskBo-rdWeb\skeleton-typescript\node_modules\jspm\package.json
24 verbose installManyTop reading scoped package data from D:\TaskBo-rd\TaskBo-rdWeb\skeleton-typescript\node_modules\object.assign\package.json
25 verbose installManyTop reading scoped package data from D:\TaskBo-rd\TaskBo-rdWeb\skeleton-typescript\node_modules\require-dir\package.json
26 verbose installManyTop reading scoped package data from D:\TaskBo-rd\TaskBo-rdWeb\skeleton-typescript\node_modules\rimraf\package.json
27 verbose installManyTop reading scoped package data from D:\TaskBo-rd\TaskBo-rdWeb\skeleton-typescript\node_modules\run-sequence\package.json
28 verbose installManyTop reading scoped package data from D:\TaskBo-rd\TaskBo-rdWeb\skeleton-typescript\node_modules\systemjs\package.json
29 verbose installManyTop reading scoped package data from D:\TaskBo-rd\TaskBo-rdWeb\skeleton-typescript\node_modules\tslint\package.json
30 verbose installManyTop reading scoped package data from D:\TaskBo-rd\TaskBo-rdWeb\skeleton-typescript\node_modules\typescript\package.json
31 verbose installManyTop reading scoped package data from D:\TaskBo-rd\TaskBo-rdWeb\skeleton-typescript\node_modules\typings\package.json
32 verbose installManyTop reading scoped package data from D:\TaskBo-rd\TaskBo-rdWeb\skeleton-typescript\node_modules\vinyl-paths\package.json
33 verbose installManyTop reading scoped package data from D:\TaskBo-rd\TaskBo-rdWeb\skeleton-typescript\node_modules\yargs\package.json
34 info package.json es6-module-loader@0.17.11 No license field.
35 info package.json gulp-notify@2.2.0 No license field.
36 info package.json gulp-rename@1.2.2 No license field.
37 verbose readDependencies loading dependencies from D:\TaskBo-rd\TaskBo-rdWeb\skeleton-typescript\package.json
38 silly cache add args [ '@types/aurelia-http-client', null ]
39 verbose cache add spec @types/aurelia-http-client
40 silly cache add parsed spec Result {
40 silly cache add   raw: '@types/aurelia-http-client',
40 silly cache add   scope: '@types',
40 silly cache add   name: '@types/aurelia-http-client',
40 silly cache add   rawSpec: '',
40 silly cache add   spec: 'latest',
40 silly cache add   type: 'tag' }
41 silly addNamed @types/aurelia-http-client@latest
42 verbose addNamed "latest" is being treated as a dist-tag for @types/aurelia-http-client
43 info addNameTag [ '@types/aurelia-http-client', 'latest' ]
44 silly mapToRegistry name @types/aurelia-http-client
45 silly mapToRegistry scope (from package name) @types
46 verbose mapToRegistry no registry URL found in name for scope @types
47 silly mapToRegistry using default registry
48 silly mapToRegistry registry https://registry.npmjs.org/
49 silly mapToRegistry data Result {
49 silly mapToRegistry   raw: '@types/aurelia-http-client',
49 silly mapToRegistry   scope: '@types',
49 silly mapToRegistry   name: '@types/aurelia-http-client',
49 silly mapToRegistry   rawSpec: '',
49 silly mapToRegistry   spec: 'latest',
49 silly mapToRegistry   type: 'tag' }
50 silly mapToRegistry uri https://registry.npmjs.org/@types%2faurelia-http-client
51 verbose addNameTag registry:https://registry.npmjs.org/@types%2faurelia-http-client not in flight; fetching
52 verbose request uri https://registry.npmjs.org/@types%2faurelia-http-client
53 verbose request no auth needed
54 info attempt registry request try #1 at 20:56:40
55 verbose request id 709c1b51650d9b4d
56 http request GET https://registry.npmjs.org/@types%2faurelia-http-client
57 http 404 https://registry.npmjs.org/@types%2faurelia-http-client
58 verbose headers { 'content-type': 'application/json',
58 verbose headers   'cache-control': 'max-age=0',
58 verbose headers   'content-length': '2',
58 verbose headers   'accept-ranges': 'bytes',
58 verbose headers   date: 'Sat, 28 Jan 2017 18:56:42 GMT',
58 verbose headers   via: '1.1 varnish',
58 verbose headers   age: '0',
58 verbose headers   connection: 'keep-alive',
58 verbose headers   'x-served-by': 'cache-fra1235-FRA',
58 verbose headers   'x-cache': 'MISS',
58 verbose headers   'x-cache-hits': '0',
58 verbose headers   'x-timer': 'S1485629801.967412,VS0,VE330',
58 verbose headers   vary: 'Accept-Encoding' }
59 silly get cb [ 404,
59 silly get   { 'content-type': 'application/json',
59 silly get     'cache-control': 'max-age=0',
59 silly get     'content-length': '2',
59 silly get     'accept-ranges': 'bytes',
59 silly get     date: 'Sat, 28 Jan 2017 18:56:42 GMT',
59 silly get     via: '1.1 varnish',
59 silly get     age: '0',
59 silly get     connection: 'keep-alive',
59 silly get     'x-served-by': 'cache-fra1235-FRA',
59 silly get     'x-cache': 'MISS',
59 silly get     'x-cache-hits': '0',
59 silly get     'x-timer': 'S1485629801.967412,VS0,VE330',
59 silly get     vary: 'Accept-Encoding' } ]
60 verbose stack Error: Registry returned 404 for GET on https://registry.npmjs.org/@types%2faurelia-http-client
60 verbose stack     at makeError (C:\Program Files\nodejs\node_modules\npm\node_modules\npm-registry-client\lib\request.js:264:12)
60 verbose stack     at CachingRegistryClient.<anonymous> (C:\Program Files\nodejs\node_modules\npm\node_modules\npm-registry-client\lib\request.js:242:14)
60 verbose stack     at Request._callback (C:\Program Files\nodejs\node_modules\npm\node_modules\npm-registry-client\lib\request.js:172:14)
60 verbose stack     at Request.self.callback (C:\Program Files\nodejs\node_modules\npm\node_modules\request\request.js:200:22)
60 verbose stack     at emitTwo (events.js:87:13)
60 verbose stack     at Request.emit (events.js:172:7)
60 verbose stack     at Request.<anonymous> (C:\Program Files\nodejs\node_modules\npm\node_modules\request\request.js:1067:10)
60 verbose stack     at emitOne (events.js:82:20)
60 verbose stack     at Request.emit (events.js:169:7)
60 verbose stack     at IncomingMessage.<anonymous> (C:\Program Files\nodejs\node_modules\npm\node_modules\request\request.js:988:12)
61 verbose statusCode 404
62 verbose pkgid @types/aurelia-http-client
63 verbose cwd D:\TaskBo-rd\TaskBo-rdWeb\skeleton-typescript
64 error Windows_NT 10.0.14393
65 error argv "C:\\Program Files\\nodejs\\node.exe" "C:\\Program Files\\nodejs\\node_modules\\npm\\bin\\npm-cli.js" "install" "@types/aurelia-http-client"
66 error node v4.6.0
67 error npm  v2.15.9
68 error code E404
69 error 404 Registry returned 404 for GET on https://registry.npmjs.org/@types%2faurelia-http-client
69 error 404
69 error 404 '@types/aurelia-http-client' is not in the npm registry.
69 error 404 You should bug the author to publish it (or use the name yourself!)
69 error 404 It was specified as a dependency of 'taskM'
69 error 404
69 error 404 Note that you can also install from a
69 error 404 tarball, folder, http url, or git url.
70 verbose exit [ 1, true ]
